<?xml version="1.0" encoding="UTF-8"?>
<testsuite name="com.aqa.interview.calculator.ExpressionCalculatorTest" tests="13" skipped="0" failures="13" errors="0" timestamp="2026-04-02T14:20:03.781Z" hostname="Rodions-MacBook-Pro.local" time="0.011">
  <properties/>
  <testcase name="more than max int()" classname="com.aqa.interview.calculator.ExpressionCalculatorTest" time="0.002">
    <failure message="java.lang.IllegalStateException: The calculator is not available in this environment. Run your tests through the CI service." type="java.lang.IllegalStateException">java.lang.IllegalStateException: The calculator is not available in this environment. Run your tests through the CI service.
	at com.aqa.interview.calculator.runtime.CalculatorRuntime.createCalculator$lambda$0(CalculatorRuntime.kt:11)
	at java.base/java.util.Optional.orElseThrow(Optional.java:403)
	at com.aqa.interview.calculator.runtime.CalculatorRuntime.createCalculator(CalculatorRuntime.kt:10)
	at com.aqa.interview.calculator.CalculatorKt.calculator(Calculator.kt:11)
	at com.aqa.interview.calculator.ExpressionCalculatorTest.&lt;init&gt;(ExpressionCalculatorTest.kt:8)
	at java.base/java.lang.reflect.Constructor.newInstanceWithCaller(Constructor.java:499)
	at java.base/java.lang.reflect.Constructor.newInstance(Constructor.java:483)
	at java.base/java.util.Optional.orElseGet(Optional.java:364)
	at java.base/java.util.ArrayList.forEach(ArrayList.java:1604)
	at java.base/java.util.ArrayList.forEach(ArrayList.java:1604)
</failure>
  </testcase>
  <testcase name="empty request()" classname="com.aqa.interview.calculator.ExpressionCalculatorTest" time="0.001">
    <failure message="java.lang.IllegalStateException: The calculator is not available in this environment. Run your tests through the CI service." type="java.lang.IllegalStateException">java.lang.IllegalStateException: The calculator is not available in this environment. Run your tests through the CI service.
	at com.aqa.interview.calculator.runtime.CalculatorRuntime.createCalculator$lambda$0(CalculatorRuntime.kt:11)
	at java.base/java.util.Optional.orElseThrow(Optional.java:403)
	at com.aqa.interview.calculator.runtime.CalculatorRuntime.createCalculator(CalculatorRuntime.kt:10)
	at com.aqa.interview.calculator.CalculatorKt.calculator(Calculator.kt:11)
	at com.aqa.interview.calculator.ExpressionCalculatorTest.&lt;init&gt;(ExpressionCalculatorTest.kt:8)
	at java.base/java.lang.reflect.Constructor.newInstanceWithCaller(Constructor.java:499)
	at java.base/java.lang.reflect.Constructor.newInstance(Constructor.java:483)
	at java.base/java.util.Optional.orElseGet(Optional.java:364)
	at java.base/java.util.ArrayList.forEach(ArrayList.java:1604)
	at java.base/java.util.ArrayList.forEach(ArrayList.java:1604)
</failure>
  </testcase>
  <testcase name="decimals division()" classname="com.aqa.interview.calculator.ExpressionCalculatorTest" time="0.001">
    <failure message="java.lang.IllegalStateException: The calculator is not available in this environment. Run your tests through the CI service." type="java.lang.IllegalStateException">java.lang.IllegalStateException: The calculator is not available in this environment. Run your tests through the CI service.
	at com.aqa.interview.calculator.runtime.CalculatorRuntime.createCalculator$lambda$0(CalculatorRuntime.kt:11)
	at java.base/java.util.Optional.orElseThrow(Optional.java:403)
	at com.aqa.interview.calculator.runtime.CalculatorRuntime.createCalculator(CalculatorRuntime.kt:10)
	at com.aqa.interview.calculator.CalculatorKt.calculator(Calculator.kt:11)
	at com.aqa.interview.calculator.ExpressionCalculatorTest.&lt;init&gt;(ExpressionCalculatorTest.kt:8)
	at java.base/java.lang.reflect.Constructor.newInstanceWithCaller(Constructor.java:499)
	at java.base/java.lang.reflect.Constructor.newInstance(Constructor.java:483)
	at java.base/java.util.Optional.orElseGet(Optional.java:364)
	at java.base/java.util.ArrayList.forEach(ArrayList.java:1604)
	at java.base/java.util.ArrayList.forEach(ArrayList.java:1604)
</failure>
  </testcase>
  <testcase name="division of two integers()" classname="com.aqa.interview.calculator.ExpressionCalculatorTest" time="0.001">
    <failure message="java.lang.IllegalStateException: The calculator is not available in this environment. Run your tests through the CI service." type="java.lang.IllegalStateException">java.lang.IllegalStateException: The calculator is not available in this environment. Run your tests through the CI service.
	at com.aqa.interview.calculator.runtime.CalculatorRuntime.createCalculator$lambda$0(CalculatorRuntime.kt:11)
	at java.base/java.util.Optional.orElseThrow(Optional.java:403)
	at com.aqa.interview.calculator.runtime.CalculatorRuntime.createCalculator(CalculatorRuntime.kt:10)
	at com.aqa.interview.calculator.CalculatorKt.calculator(Calculator.kt:11)
	at com.aqa.interview.calculator.ExpressionCalculatorTest.&lt;init&gt;(ExpressionCalculatorTest.kt:8)
	at java.base/java.lang.reflect.Constructor.newInstanceWithCaller(Constructor.java:499)
	at java.base/java.lang.reflect.Constructor.newInstance(Constructor.java:483)
	at java.base/java.util.Optional.orElseGet(Optional.java:364)
	at java.base/java.util.ArrayList.forEach(ArrayList.java:1604)
	at java.base/java.util.ArrayList.forEach(ArrayList.java:1604)
</failure>
  </testcase>
  <testcase name="addition of two integers()" classname="com.aqa.interview.calculator.ExpressionCalculatorTest" time="0.0">
    <failure message="java.lang.IllegalStateException: The calculator is not available in this environment. Run your tests through the CI service." type="java.lang.IllegalStateException">java.lang.IllegalStateException: The calculator is not available in this environment. Run your tests through the CI service.
	at com.aqa.interview.calculator.runtime.CalculatorRuntime.createCalculator$lambda$0(CalculatorRuntime.kt:11)
	at java.base/java.util.Optional.orElseThrow(Optional.java:403)
	at com.aqa.interview.calculator.runtime.CalculatorRuntime.createCalculator(CalculatorRuntime.kt:10)
	at com.aqa.interview.calculator.CalculatorKt.calculator(Calculator.kt:11)
	at com.aqa.interview.calculator.ExpressionCalculatorTest.&lt;init&gt;(ExpressionCalculatorTest.kt:8)
	at java.base/java.lang.reflect.Constructor.newInstanceWithCaller(Constructor.java:499)
	at java.base/java.lang.reflect.Constructor.newInstance(Constructor.java:483)
	at java.base/java.util.Optional.orElseGet(Optional.java:364)
	at java.base/java.util.ArrayList.forEach(ArrayList.java:1604)
	at java.base/java.util.ArrayList.forEach(ArrayList.java:1604)
</failure>
  </testcase>
  <testcase name="multiple of two integers()" classname="com.aqa.interview.calculator.ExpressionCalculatorTest" time="0.0">
    <failure message="java.lang.IllegalStateException: The calculator is not available in this environment. Run your tests through the CI service." type="java.lang.IllegalStateException">java.lang.IllegalStateException: The calculator is not available in this environment. Run your tests through the CI service.
	at com.aqa.interview.calculator.runtime.CalculatorRuntime.createCalculator$lambda$0(CalculatorRuntime.kt:11)
	at java.base/java.util.Optional.orElseThrow(Optional.java:403)
	at com.aqa.interview.calculator.runtime.CalculatorRuntime.createCalculator(CalculatorRuntime.kt:10)
	at com.aqa.interview.calculator.CalculatorKt.calculator(Calculator.kt:11)
	at com.aqa.interview.calculator.ExpressionCalculatorTest.&lt;init&gt;(ExpressionCalculatorTest.kt:8)
	at java.base/java.lang.reflect.Constructor.newInstanceWithCaller(Constructor.java:499)
	at java.base/java.lang.reflect.Constructor.newInstance(Constructor.java:483)
	at java.base/java.util.Optional.orElseGet(Optional.java:364)
	at java.base/java.util.ArrayList.forEach(ArrayList.java:1604)
	at java.base/java.util.ArrayList.forEach(ArrayList.java:1604)
</failure>
  </testcase>
  <testcase name="unary minus()" classname="com.aqa.interview.calculator.ExpressionCalculatorTest" time="0.001">
    <failure message="java.lang.IllegalStateException: The calculator is not available in this environment. Run your tests through the CI service." type="java.lang.IllegalStateException">java.lang.IllegalStateException: The calculator is not available in this environment. Run your tests through the CI service.
	at com.aqa.interview.calculator.runtime.CalculatorRuntime.createCalculator$lambda$0(CalculatorRuntime.kt:11)
	at java.base/java.util.Optional.orElseThrow(Optional.java:403)
	at com.aqa.interview.calculator.runtime.CalculatorRuntime.createCalculator(CalculatorRuntime.kt:10)
	at com.aqa.interview.calculator.CalculatorKt.calculator(Calculator.kt:11)
	at com.aqa.interview.calculator.ExpressionCalculatorTest.&lt;init&gt;(ExpressionCalculatorTest.kt:8)
	at java.base/java.lang.reflect.Constructor.newInstanceWithCaller(Constructor.java:499)
	at java.base/java.lang.reflect.Constructor.newInstance(Constructor.java:483)
	at java.base/java.util.Optional.orElseGet(Optional.java:364)
	at java.base/java.util.ArrayList.forEach(ArrayList.java:1604)
	at java.base/java.util.ArrayList.forEach(ArrayList.java:1604)
</failure>
  </testcase>
  <testcase name="decimals multiplication()" classname="com.aqa.interview.calculator.ExpressionCalculatorTest" time="0.0">
    <failure message="java.lang.IllegalStateException: The calculator is not available in this environment. Run your tests through the CI service." type="java.lang.IllegalStateException">java.lang.IllegalStateException: The calculator is not available in this environment. Run your tests through the CI service.
	at com.aqa.interview.calculator.runtime.CalculatorRuntime.createCalculator$lambda$0(CalculatorRuntime.kt:11)
	at java.base/java.util.Optional.orElseThrow(Optional.java:403)
	at com.aqa.interview.calculator.runtime.CalculatorRuntime.createCalculator(CalculatorRuntime.kt:10)
	at com.aqa.interview.calculator.CalculatorKt.calculator(Calculator.kt:11)
	at com.aqa.interview.calculator.ExpressionCalculatorTest.&lt;init&gt;(ExpressionCalculatorTest.kt:8)
	at java.base/java.lang.reflect.Constructor.newInstanceWithCaller(Constructor.java:499)
	at java.base/java.lang.reflect.Constructor.newInstance(Constructor.java:483)
	at java.base/java.util.Optional.orElseGet(Optional.java:364)
	at java.base/java.util.ArrayList.forEach(ArrayList.java:1604)
	at java.base/java.util.ArrayList.forEach(ArrayList.java:1604)
</failure>
  </testcase>
  <testcase name="more than max long()" classname="com.aqa.interview.calculator.ExpressionCalculatorTest" time="0.0">
    <failure message="java.lang.IllegalStateException: The calculator is not available in this environment. Run your tests through the CI service." type="java.lang.IllegalStateException">java.lang.IllegalStateException: The calculator is not available in this environment. Run your tests through the CI service.
	at com.aqa.interview.calculator.runtime.CalculatorRuntime.createCalculator$lambda$0(CalculatorRuntime.kt:11)
	at java.base/java.util.Optional.orElseThrow(Optional.java:403)
	at com.aqa.interview.calculator.runtime.CalculatorRuntime.createCalculator(CalculatorRuntime.kt:10)
	at com.aqa.interview.calculator.CalculatorKt.calculator(Calculator.kt:11)
	at com.aqa.interview.calculator.ExpressionCalculatorTest.&lt;init&gt;(ExpressionCalculatorTest.kt:8)
	at java.base/java.lang.reflect.Constructor.newInstanceWithCaller(Constructor.java:499)
	at java.base/java.lang.reflect.Constructor.newInstance(Constructor.java:483)
	at java.base/java.util.Optional.orElseGet(Optional.java:364)
	at java.base/java.util.ArrayList.forEach(ArrayList.java:1604)
	at java.base/java.util.ArrayList.forEach(ArrayList.java:1604)
</failure>
  </testcase>
  <testcase name="parentheses operation order()" classname="com.aqa.interview.calculator.ExpressionCalculatorTest" time="0.0">
    <failure message="java.lang.IllegalStateException: The calculator is not available in this environment. Run your tests through the CI service." type="java.lang.IllegalStateException">java.lang.IllegalStateException: The calculator is not available in this environment. Run your tests through the CI service.
	at com.aqa.interview.calculator.runtime.CalculatorRuntime.createCalculator$lambda$0(CalculatorRuntime.kt:11)
	at java.base/java.util.Optional.orElseThrow(Optional.java:403)
	at com.aqa.interview.calculator.runtime.CalculatorRuntime.createCalculator(CalculatorRuntime.kt:10)
	at com.aqa.interview.calculator.CalculatorKt.calculator(Calculator.kt:11)
	at com.aqa.interview.calculator.ExpressionCalculatorTest.&lt;init&gt;(ExpressionCalculatorTest.kt:8)
	at java.base/java.lang.reflect.Constructor.newInstanceWithCaller(Constructor.java:499)
	at java.base/java.lang.reflect.Constructor.newInstance(Constructor.java:483)
	at java.base/java.util.Optional.orElseGet(Optional.java:364)
	at java.base/java.util.ArrayList.forEach(ArrayList.java:1604)
	at java.base/java.util.ArrayList.forEach(ArrayList.java:1604)
</failure>
  </testcase>
  <testcase name="minus of two integers()" classname="com.aqa.interview.calculator.ExpressionCalculatorTest" time="0.0">
    <failure message="java.lang.IllegalStateException: The calculator is not available in this environment. Run your tests through the CI service." type="java.lang.IllegalStateException">java.lang.IllegalStateException: The calculator is not available in this environment. Run your tests through the CI service.
	at com.aqa.interview.calculator.runtime.CalculatorRuntime.createCalculator$lambda$0(CalculatorRuntime.kt:11)
	at java.base/java.util.Optional.orElseThrow(Optional.java:403)
	at com.aqa.interview.calculator.runtime.CalculatorRuntime.createCalculator(CalculatorRuntime.kt:10)
	at com.aqa.interview.calculator.CalculatorKt.calculator(Calculator.kt:11)
	at com.aqa.interview.calculator.ExpressionCalculatorTest.&lt;init&gt;(ExpressionCalculatorTest.kt:8)
	at java.base/java.lang.reflect.Constructor.newInstanceWithCaller(Constructor.java:499)
	at java.base/java.lang.reflect.Constructor.newInstance(Constructor.java:483)
	at java.base/java.util.Optional.orElseGet(Optional.java:364)
	at java.base/java.util.ArrayList.forEach(ArrayList.java:1604)
	at java.base/java.util.ArrayList.forEach(ArrayList.java:1604)
</failure>
  </testcase>
  <testcase name="less than min int()" classname="com.aqa.interview.calculator.ExpressionCalculatorTest" time="0.0">
    <failure message="java.lang.IllegalStateException: The calculator is not available in this environment. Run your tests through the CI service." type="java.lang.IllegalStateException">java.lang.IllegalStateException: The calculator is not available in this environment. Run your tests through the CI service.
	at com.aqa.interview.calculator.runtime.CalculatorRuntime.createCalculator$lambda$0(CalculatorRuntime.kt:11)
	at java.base/java.util.Optional.orElseThrow(Optional.java:403)
	at com.aqa.interview.calculator.runtime.CalculatorRuntime.createCalculator(CalculatorRuntime.kt:10)
	at com.aqa.interview.calculator.CalculatorKt.calculator(Calculator.kt:11)
	at com.aqa.interview.calculator.ExpressionCalculatorTest.&lt;init&gt;(ExpressionCalculatorTest.kt:8)
	at java.base/java.lang.reflect.Constructor.newInstanceWithCaller(Constructor.java:499)
	at java.base/java.lang.reflect.Constructor.newInstance(Constructor.java:483)
	at java.base/java.util.Optional.orElseGet(Optional.java:364)
	at java.base/java.util.ArrayList.forEach(ArrayList.java:1604)
	at java.base/java.util.ArrayList.forEach(ArrayList.java:1604)
</failure>
  </testcase>
  <testcase name="less than min long()" classname="com.aqa.interview.calculator.ExpressionCalculatorTest" time="0.0">
    <failure message="java.lang.IllegalStateException: The calculator is not available in this environment. Run your tests through the CI service." type="java.lang.IllegalStateException">java.lang.IllegalStateException: The calculator is not available in this environment. Run your tests through the CI service.
	at com.aqa.interview.calculator.runtime.CalculatorRuntime.createCalculator$lambda$0(CalculatorRuntime.kt:11)
	at java.base/java.util.Optional.orElseThrow(Optional.java:403)
	at com.aqa.interview.calculator.runtime.CalculatorRuntime.createCalculator(CalculatorRuntime.kt:10)
	at com.aqa.interview.calculator.CalculatorKt.calculator(Calculator.kt:11)
	at com.aqa.interview.calculator.ExpressionCalculatorTest.&lt;init&gt;(ExpressionCalculatorTest.kt:8)
	at java.base/java.lang.reflect.Constructor.newInstanceWithCaller(Constructor.java:499)
	at java.base/java.lang.reflect.Constructor.newInstance(Constructor.java:483)
	at java.base/java.util.Optional.orElseGet(Optional.java:364)
	at java.base/java.util.ArrayList.forEach(ArrayList.java:1604)
	at java.base/java.util.ArrayList.forEach(ArrayList.java:1604)
</failure>
  </testcase>
  <system-out><![CDATA[]]></system-out>
  <system-err><![CDATA[]]></system-err>
</testsuite>
